<html>
<head>
<title>TestNG:  Test</title>
<link href="../testng.css" rel="stylesheet" type="text/css" />
<link href="../my-testng.css" rel="stylesheet" type="text/css" />

<style type="text/css">
.log { display: none;} 
.stack-trace { display: none;} 
</style>
<script type="text/javascript">
<!--
function flip(e) {
  current = e.style.display;
  if (current == 'block') {
    e.style.display = 'none';
    return 0;
  }
  else {
    e.style.display = 'block';
    return 1;
  }
}

function toggleBox(szDivId, elem, msg1, msg2)
{
  var res = -1;  if (document.getElementById) {
    res = flip(document.getElementById(szDivId));
  }
  else if (document.all) {
    // this is the way old msie versions work
    res = flip(document.all[szDivId]);
  }
  if(elem) {
    if(res == 0) elem.innerHTML = msg1; else elem.innerHTML = msg2;
  }

}

function toggleAllBoxes() {
  if (document.getElementsByTagName) {
    d = document.getElementsByTagName('div');
    for (i = 0; i < d.length; i++) {
      if (d[i].className == 'log') {
        flip(d[i]);
      }
    }
  }
}

// -->
</script>

</head>
<body>
<h2 align='center'>Test</h2><table border='1' align="center">
<tr>
<td>Tests passed/Failed/Skipped:</td><td>0/1/1</td>
</tr><tr>
<td>Started on:</td><td>Tue Nov 09 20:18:13 IST 2021</td>
</tr>
<tr><td>Total time:</td><td>29 seconds (29703 ms)</td>
</tr><tr>
<td>Included groups:</td><td></td>
</tr><tr>
<td>Excluded groups:</td><td></td>
</tr>
</table><p/>
<small><i>(Hover the method name to see the test class name)</i></small><p/>
<table width='100%' border='1' class='invocation-failed'>
<tr><td colspan='4' align='center'><b>FAILED TESTS</b></td></tr>
<tr><td><b>Test method</b></td>
<td width="30%"><b>Exception</b></td>
<td width="10%"><b>Time (seconds)</b></td>
<td><b>Instance</b></td>
</tr>
<tr>
<td title='com.packt.testrunner.TestRunner.runScenario()'><b>runScenario</b><br>Test class: com.packt.testrunner.TestRunner<br>Test method: Runs Cucumber Scenarios<br>Parameters: "Verify that all the elements on the page are correct", "Packt Assessment Sateesh Varma"</td>
<td><div><pre>java.lang.AssertionError: Expected location of Browser menu is coordinates(564, 28) but recieved:(1217, 28)
	at com.packt.utils.ReportGenerator.fail(ReportGenerator.java:145)
	at com.packt.utils.Assertions.assertEquals(Assertions.java:23)
	at com.packt.stepdefinations.PacktHomePageSteps.iVerifyTheElementsOnHomepage(PacktHomePageSteps.java:128)
	at ?.I verify the elements on homepage(file:src/test/resources/Feature_Files/Packt_Assessment_Feature.feature:25)
... Removed 1 stack frames</pre></div><a href='#' onClick='toggleBox("stack-trace251666609", this, "Click to show all stack frames", "Click to hide stack frames")'>Click to show all stack frames</a>
<div class='stack-trace' id='stack-trace251666609'><pre>java.lang.AssertionError: Expected location of Browser menu is coordinates(564, 28) but recieved:(1217, 28)
	at org.testng.Assert.fail(Assert.java:99)
	at com.packt.utils.ReportGenerator.fail(ReportGenerator.java:145)
	at com.packt.utils.Assertions.assertEquals(Assertions.java:23)
	at com.packt.stepdefinations.PacktHomePageSteps.iVerifyTheElementsOnHomepage(PacktHomePageSteps.java:128)
	at ?.I verify the elements on homepage(file:src/test/resources/Feature_Files/Packt_Assessment_Feature.feature:25)
</pre></div></td>
<td>10</td>
<td>com.packt.testrunner.TestRunner@23941fb4</td></tr>
</table><p>
<table width='100%' border='1' class='invocation-skipped'>
<tr><td colspan='4' align='center'><b>SKIPPED TESTS</b></td></tr>
<tr><td><b>Test method</b></td>
<td width="30%"><b>Exception</b></td>
<td width="10%"><b>Time (seconds)</b></td>
<td><b>Instance</b></td>
</tr>
<tr>
<td title='com.packt.testrunner.TestRunner.runScenario()'><b>runScenario</b><br>Test class: com.packt.testrunner.TestRunner<br>Test method: Runs Cucumber Scenarios<br>Parameters: "Verify that all the options from the Browse menu go to correct pages", "Packt Assessment Sateesh Varma"</td>
<td><div><pre>org.testng.SkipException: cucumber.api.PendingException: TODO: implement me
	at com.packt.stepdefinations.PacktHomePageSteps.iSelectBookFromCategoryOfBrowseMenu(PacktHomePageSteps.java:174)
	at ?.I select &quot;Python&quot; Book From &quot;Data&quot; category of browse menu(file:src/test/resources/Feature_Files/Packt_Assessment_Feature.feature:32)

	at cucumber.api.testng.TestCaseResultListener.getError(TestCaseResultListener.java:54)
	at cucumber.api.testng.TestNGCucumberRunner.runScenario(TestNGCucumberRunner.java:69)
	at com.packt.cucumber.CustomAbtractBaseTestNGCucumber.runScenario(CustomAbtractBaseTestNGCucumber.java:39)
	at java.base/java.util.ArrayList.forEach(ArrayList.java:1511)
Caused by: cucumber.api.PendingException: TODO: implement me
	at com.packt.stepdefinations.PacktHomePageSteps.iSelectBookFromCategoryOfBrowseMenu(PacktHomePageSteps.java:174)
	at ?.I select &quot;Python&quot; Book From &quot;Data&quot; category of browse menu(file:src/test/resources/Feature_Files/Packt_Assessment_Feature.feature:32)
... Removed 27 stack frames</pre></div><a href='#' onClick='toggleBox("stack-trace1430104337", this, "Click to show all stack frames", "Click to hide stack frames")'>Click to show all stack frames</a>
<div class='stack-trace' id='stack-trace1430104337'><pre>org.testng.SkipException: cucumber.api.PendingException: TODO: implement me
	at com.packt.stepdefinations.PacktHomePageSteps.iSelectBookFromCategoryOfBrowseMenu(PacktHomePageSteps.java:174)
	at ?.I select &quot;Python&quot; Book From &quot;Data&quot; category of browse menu(file:src/test/resources/Feature_Files/Packt_Assessment_Feature.feature:32)

	at cucumber.api.testng.TestCaseResultListener.getError(TestCaseResultListener.java:54)
	at cucumber.api.testng.TestNGCucumberRunner.runScenario(TestNGCucumberRunner.java:69)
	at com.packt.cucumber.CustomAbtractBaseTestNGCucumber.runScenario(CustomAbtractBaseTestNGCucumber.java:39)
	at java.base/jdk.internal.reflect.NativeMethodAccessorImpl.invoke0(Native Method)
	at java.base/jdk.internal.reflect.NativeMethodAccessorImpl.invoke(NativeMethodAccessorImpl.java:78)
	at java.base/jdk.internal.reflect.DelegatingMethodAccessorImpl.invoke(DelegatingMethodAccessorImpl.java:43)
	at java.base/java.lang.reflect.Method.invoke(Method.java:567)
	at org.testng.internal.MethodInvocationHelper.invokeMethod(MethodInvocationHelper.java:133)
	at org.testng.internal.TestInvoker.invokeMethod(TestInvoker.java:598)
	at org.testng.internal.TestInvoker.invokeTestMethod(TestInvoker.java:173)
	at org.testng.internal.MethodRunner.runInSequence(MethodRunner.java:46)
	at org.testng.internal.TestInvoker$MethodInvocationAgent.invoke(TestInvoker.java:824)
	at org.testng.internal.TestInvoker.invokeTestMethods(TestInvoker.java:146)
	at org.testng.internal.TestMethodWorker.invokeTestMethods(TestMethodWorker.java:146)
	at org.testng.internal.TestMethodWorker.run(TestMethodWorker.java:128)
	at java.base/java.util.ArrayList.forEach(ArrayList.java:1511)
	at org.testng.TestRunner.privateRun(TestRunner.java:794)
	at org.testng.TestRunner.run(TestRunner.java:596)
	at org.testng.SuiteRunner.runTest(SuiteRunner.java:377)
	at org.testng.SuiteRunner.runSequentially(SuiteRunner.java:371)
	at org.testng.SuiteRunner.privateRun(SuiteRunner.java:332)
	at org.testng.SuiteRunner.run(SuiteRunner.java:276)
	at org.testng.SuiteRunnerWorker.runSuite(SuiteRunnerWorker.java:53)
	at org.testng.SuiteRunnerWorker.run(SuiteRunnerWorker.java:96)
	at org.testng.TestNG.runSuitesSequentially(TestNG.java:1212)
	at org.testng.TestNG.runSuitesLocally(TestNG.java:1134)
	at org.testng.TestNG.runSuites(TestNG.java:1063)
	at org.testng.TestNG.run(TestNG.java:1031)
	at org.testng.remote.AbstractRemoteTestNG.run(AbstractRemoteTestNG.java:115)
	at org.testng.remote.RemoteTestNG.initAndRun(RemoteTestNG.java:251)
	at org.testng.remote.RemoteTestNG.main(RemoteTestNG.java:77)
Caused by: cucumber.api.PendingException: TODO: implement me
	at com.packt.stepdefinations.PacktHomePageSteps.iSelectBookFromCategoryOfBrowseMenu(PacktHomePageSteps.java:174)
	at ?.I select &quot;Python&quot; Book From &quot;Data&quot; category of browse menu(file:src/test/resources/Feature_Files/Packt_Assessment_Feature.feature:32)
</pre></div></td>
<td>8</td>
<td>com.packt.testrunner.TestRunner@23941fb4</td></tr>
</table><p>
</body>
</html>