<?xml version="1.0" encoding="UTF-8"?>
<!-- Generated by org.testng.reporters.JUnitXMLReporter -->
<testsuite ignored="0" hostname="DESKTOP-VKCHQ0K" failures="1" tests="3" name="Test" time="109.466" errors="0" timestamp="2021-11-11T19:37:36 IST">
  <testcase classname="com.packt.cucumber.CustomAbtractBaseTestNGCucumber" name="runScenario" time="50.767">
    <failure type="java.lang.AssertionError" message="Expected location of Read now is coordinates(653, 205) but recieved:(653, 619)">
      <![CDATA[java.lang.AssertionError: Expected location of Read now is coordinates(653, 205) but recieved:(653, 619)
at com.packt.utils.ReportGenerator.fail(ReportGenerator.java:145)
at com.packt.utils.Assertions.assertEquals(Assertions.java:23)
at com.packt.stepdefinations.PacktHomePageSteps.iVerifyTheElementsOnHomepage(PacktHomePageSteps.java:135)
at âœ½.I verify the elements on homepage(file:src/test/resources/Feature_Files/Packt_Assessment_Feature.feature:25)
... Removed 1 stack frames]]>
    </failure>
  </testcase> <!-- runScenario -->
  <testcase classname="com.packt.cucumber.CustomAbtractBaseTestNGCucumber" name="runScenario" time="30.695"/>
  <testcase classname="com.packt.cucumber.CustomAbtractBaseTestNGCucumber" name="runScenario" time="17.254"/>
</testsuite> <!-- Test -->
