<?xml version="1.0" encoding="UTF-8"?>
<!-- Generated by org.testng.reporters.JUnitReportReporter -->
<testsuite hostname="DESKTOP-VKCHQ0K" failures="1" tests="3" name="com.packt.testrunner.TestRunner" time="98.716" errors="0" timestamp="2021-11-11T19:37:36 IST" skipped="0">
  <testcase classname="com.packt.testrunner.TestRunner" name="runScenario" time="30.695"/>
  <system-out/>
  <testcase classname="com.packt.testrunner.TestRunner" name="runScenario" time="50.767">
    <failure message="Expected location of Read now is coordinates(653, 205) but recieved:(653, 619)" type="java.lang.AssertionError">
      <![CDATA[java.lang.AssertionError: Expected location of Read now is coordinates(653, 205) but recieved:(653, 619)
at org.testng.Assert.fail(Assert.java:99)
at com.packt.utils.ReportGenerator.fail(ReportGenerator.java:145)
at com.packt.utils.Assertions.assertEquals(Assertions.java:23)
at com.packt.stepdefinations.PacktHomePageSteps.iVerifyTheElementsOnHomepage(PacktHomePageSteps.java:135)
at âœ½.I verify the elements on homepage(file:src/test/resources/Feature_Files/Packt_Assessment_Feature.feature:25)
]]>
    </failure>
  </testcase> <!-- runScenario -->
  <system-out/>
  <testcase classname="com.packt.testrunner.TestRunner" name="runScenario" time="17.254"/>
  <system-out/>
</testsuite> <!-- com.packt.testrunner.TestRunner -->
